<?xml version="1.0" encoding="UTF-8"?>
<!-- Generated by org.testng.reporters.JUnitReportReporter -->
<testsuite hostname="LAPTOP-LDDE6EAS" name="com.testing.Testing2" tests="2" failures="0" timestamp="4 Jun 2019 22:30:01 GMT" time="0.000" errors="0">
  <testcase name="test4" time="0.000" classname="com.testing.Testing2"/>
  <testcase name="test3" time="0.000" classname="com.testing.Testing2"/>
</testsuite> <!-- com.testing.Testing2 -->
