<?xml version="1.0" encoding="UTF-8"?>
<!-- Generated by org.testng.reporters.JUnitReportReporter -->
<testsuite hostname="LAPTOP-LDDE6EAS" name="com.testing.Testing1" tests="4" failures="0" timestamp="4 Jun 2019 22:30:01 GMT" time="0.036" errors="0">
  <testcase name="test1" time="0.004" classname="com.testing.Testing1"/>
  <testcase name="f" time="0.000" classname="com.testing.Testing1"/>
  <testcase name="test2" time="0.000" classname="com.testing.Testing1"/>
  <testcase name="f" time="0.032" classname="com.testing.Testing1"/>
</testsuite> <!-- com.testing.Testing1 -->
